API server listening at: 127.0.0.1:16178
time="2021-07-05T17:38:10+03:00" level=info msg="payment_gateway devel, built unknown "
time="2021-07-05T17:38:10+03:00" level=info msg="Port: 28080"
time="2021-07-05T17:38:12+03:00" level=info msg="Current balance for GDRBZVJP3QIGQZVWLWYHMFTZRJDLUQKTTWBP3HUNIEEWHPHW5ZL37LJ2:4999440\n"
time="2021-07-05T17:38:12+03:00" level=info msg="Environment variables:\n  PAYMENT_SERVICE_COMMODITY string\n    \t\n  PAYMENT_SERVICE_HOUR int32\n    \t\n  PAYMENT_SERVICE_BINS int32\n    \t"
time="2021-07-05T17:38:12+03:00" level=error msg="Read ui config:open config.yml: no such file or directory"
[GIN-debug] [WARNING] Creating an Engine instance with the Logger and Recovery middleware already attached.

[GIN-debug] [WARNING] Running in "debug" mode. Switch to "release" mode in production.
 - using env:	export GIN_MODE=release
 - using code:	gin.SetMode(gin.ReleaseMode)
[GIN-debug] GET    /assets/*filepath         --> github.com/gin-gonic/gin.(*RouterGroup).createStaticHandler.func1 (4 handlers)
[GIN-debug] HEAD   /assets/*filepath         --> github.com/gin-gonic/gin.(*RouterGroup).createStaticHandler.func1 (4 handlers)
[GIN-debug] GET    /                         --> paidpiper.com/provider-service/server.New.func1 (4 handlers)
[GIN-debug] GET    /dashboard                --> paidpiper.com/provider-service/server.New.func2 (4 handlers)
[GIN-debug] GET    /address                  --> paidpiper.com/provider-service/server.(*ServerImpl).apiHandlers.func1 (4 handlers)
[GIN-debug] GET    /balance                  --> paidpiper.com/provider-service/server.(*ServerImpl).apiHandlers.func2 (4 handlers)
[GIN-debug] GET    /transactions             --> paidpiper.com/provider-service/server.(*ServerImpl).apiHandlers.func3 (4 handlers)
[GIN-debug] GET    /chart                    --> paidpiper.com/provider-service/server.(*ServerImpl).apiHandlers.func4 (4 handlers)
[GIN-debug] GET    /sync                     --> paidpiper.com/provider-service/server.(*ServerImpl).apiHandlers.func5 (4 handlers)
Server is ready!
time="2021-07-05T17:38:37.704+03:00" level=info msg="CreatePaymentRequest: Starting 52442191  pptoken/ipfs " pid=7721
time="2021-07-05T17:38:37+03:00" level=info msg="::1 - - [05/Jul/2021:17:38:37 +0300] \"POST /api/utility/createPaymentInfo HTTP/1.1\" 200 162"
time="2021-07-05T17:39:32+03:00" level=error msg="JSON: {\"Amount\":1,\"Asset\":\"pptoken\",\"ServiceRef\":\"tor\",\"ServiceSessionId\":\"c3hhj8o22nlf73kc8i40\",\"Address\":\"GDA2BBUSVHPFQXRMJNPWBOENFZRYTTO2Y7N3CMZWZ5BNCDAAMSMK6AHB\"}"
time="2021-07-05T17:39:32+03:00" level=error msg="Payment processing complete (session c3hhj8o22nlf73kc8i40)"
time="2021-07-05T17:39:32+03:00" level=info msg="::1 - - [05/Jul/2021:17:39:32 +0300] \"POST /api/gateway/processPayment HTTP/1.1\" 201 37"
time="2021-07-05T17:39:32+03:00" level=error msg="JSON: {\"Amount\":1,\"Asset\":\"pptoken\",\"ServiceRef\":\"tor\",\"ServiceSessionId\":\"c3hhj8olrabpf17r0qj0\",\"Address\":\"GARGQG2RJ5UIJRWTFP6E4PYBD2JXAKX2N5DJ3TQACQN2BTUBYFXHIJ4O\"}"
time="2021-07-05T17:39:32+03:00" level=error msg="Payment processing complete (session c3hhj8olrabpf17r0qj0)"
time="2021-07-05T17:39:32+03:00" level=info msg="::1 - - [05/Jul/2021:17:39:32 +0300] \"POST /api/gateway/processPayment HTTP/1.1\" 201 37"
time="2021-07-05T17:39:32+03:00" level=info msg="InitiatePayment: Creating transaction GDRBZVJP3QIGQZVWLWYHMFTZRJDLUQKTTWBP3HUNIEEWHPHW5ZL37LJ2 => GDA2BBUSVHPFQXRMJNPWBOENFZRYTTO2Y7N3CMZWZ5BNCDAAMSMK6AHB"
time="2021-07-05T17:39:32+03:00" level=info msg="Process command SessionId=c3hhj8o22nlf73kc8i40, NodeId=Node19, CommandId=0ab70a4b-5350-4a59-877a-fa9b3d0129c0 CommandType:0"
time="2021-07-05T17:39:32+03:00" level=info msg="InitiatePayment: Creating transaction GDA2BBUSVHPFQXRMJNPWBOENFZRYTTO2Y7N3CMZWZ5BNCDAAMSMK6AHB => GARGQG2RJ5UIJRWTFP6E4PYBD2JXAKX2N5DJ3TQACQN2BTUBYFXHIJ4O"
time="2021-07-05T17:39:32+03:00" level=info msg="Process command SessionId=c3hhj8olrabpf17r0qj0, NodeId=node9, CommandId=f693a966-5246-4442-b81e-6976398f5dd6 CommandType:0"
time="2021-07-05T17:39:35+03:00" level=info msg="::1 - - [05/Jul/2021:17:39:35 +0300] \"POST /api/gateway/processResponse HTTP/1.1\" 200 0"
time="2021-07-05T17:39:35+03:00" level=info msg="InitiatePayment: Transaction created  GDA2BBUSVHPFQXRMJNPWBOENFZRYTTO2Y7N3CMZWZ5BNCDAAMSMK6AHB 1 => GARGQG2RJ5UIJRWTFP6E4PYBD2JXAKX2N5DJ3TQACQN2BTUBYFXHIJ4O"
time="2021-07-05T17:39:35+03:00" level=info msg="InitiatePayment: Creating transaction GDRBZVJP3QIGQZVWLWYHMFTZRJDLUQKTTWBP3HUNIEEWHPHW5ZL37LJ2 => GDA2BBUSVHPFQXRMJNPWBOENFZRYTTO2Y7N3CMZWZ5BNCDAAMSMK6AHB"
time="2021-07-05T17:39:35+03:00" level=info msg="Process command SessionId=c3hhj8olrabpf17r0qj0, NodeId=Node19, CommandId=626821fa-0840-4f99-8365-050ad574f593 CommandType:0"
time="2021-07-05T17:39:35+03:00" level=info msg="::1 - - [05/Jul/2021:17:39:35 +0300] \"POST /api/gateway/processResponse HTTP/1.1\" 200 0"
time="2021-07-05T17:39:35+03:00" level=info msg="InitiatePayment: Transaction created  GDRBZVJP3QIGQZVWLWYHMFTZRJDLUQKTTWBP3HUNIEEWHPHW5ZL37LJ2 1 => GDA2BBUSVHPFQXRMJNPWBOENFZRYTTO2Y7N3CMZWZ5BNCDAAMSMK6AHB"
time="2021-07-05T17:39:35+03:00" level=info msg="InitiatePayment: SignServiceTransaction (GDA2BBUSVHPFQXRMJNPWBOENFZRYTTO2Y7N3CMZWZ5BNCDAAMSMK6AHB) "
time="2021-07-05T17:39:35+03:00" level=info msg="Process command SessionId=c3hhj8o22nlf73kc8i40, NodeId=Node19, CommandId=49d55f07-5694-4509-a016-4b5b3a6696b4 CommandType:1"
time="2021-07-05T17:39:38+03:00" level=info msg="::1 - - [05/Jul/2021:17:39:38 +0300] \"POST /api/gateway/processResponse HTTP/1.1\" 200 0"
time="2021-07-05T17:39:38+03:00" level=info msg="InitiatePayment: SignInitial   1 => GDA2BBUSVHPFQXRMJNPWBOENFZRYTTO2Y7N3CMZWZ5BNCDAAMSMK6AHB "
time="2021-07-05T17:39:38+03:00" level=info msg="SignInitialTransactions: Starting GDRBZVJP3QIGQZVWLWYHMFTZRJDLUQKTTWBP3HUNIEEWHPHW5ZL37LJ2 1 => GDA2BBUSVHPFQXRMJNPWBOENFZRYTTO2Y7N3CMZWZ5BNCDAAMSMK6AHB "
time="2021-07-05T17:39:38+03:00" level=info msg="::1 - - [05/Jul/2021:17:39:38 +0300] \"POST /api/gateway/processResponse HTTP/1.1\" 200 0"
time="2021-07-05T17:39:38+03:00" level=info msg="InitiatePayment: Transaction created  GDRBZVJP3QIGQZVWLWYHMFTZRJDLUQKTTWBP3HUNIEEWHPHW5ZL37LJ2 1 => GDA2BBUSVHPFQXRMJNPWBOENFZRYTTO2Y7N3CMZWZ5BNCDAAMSMK6AHB"
time="2021-07-05T17:39:38+03:00" level=info msg="InitiatePayment: SignServiceTransaction (GARGQG2RJ5UIJRWTFP6E4PYBD2JXAKX2N5DJ3TQACQN2BTUBYFXHIJ4O) "
time="2021-07-05T17:39:38+03:00" level=info msg="Process command SessionId=c3hhj8olrabpf17r0qj0, NodeId=node9, CommandId=9b3cb9af-9082-4384-887a-0048845314b0 CommandType:1"
time="2021-07-05T17:39:38+03:00" level=info msg="SignInitialTransactions: Finished GDRBZVJP3QIGQZVWLWYHMFTZRJDLUQKTTWBP3HUNIEEWHPHW5ZL37LJ2 1 => GDA2BBUSVHPFQXRMJNPWBOENFZRYTTO2Y7N3CMZWZ5BNCDAAMSMK6AHB "
time="2021-07-05T17:39:38+03:00" level=info msg="Payment Complete Success: %vc3hhj8o22nlf73kc8i40"
time="2021-07-05T17:39:38+03:00" level=info msg="VerifyTransactions: Validated GDRBZVJP3QIGQZVWLWYHMFTZRJDLUQKTTWBP3HUNIEEWHPHW5ZL37LJ2 => GDA2BBUSVHPFQXRMJNPWBOENFZRYTTO2Y7N3CMZWZ5BNCDAAMSMK6AHB "
time="2021-07-05T17:39:38+03:00" level=info msg="Started FinalizePayment (tor) 1 => GDA2BBUSVHPFQXRMJNPWBOENFZRYTTO2Y7N3CMZWZ5BNCDAAMSMK6AHB"
time="2021-07-05T17:39:38+03:00" level=info msg="Requesting CommitServiceTransaction (c3hhj8o22nlf73kc8i40) => GDA2BBUSVHPFQXRMJNPWBOENFZRYTTO2Y7N3CMZWZ5BNCDAAMSMK6AHB"
time="2021-07-05T17:39:38+03:00" level=info msg="Process command SessionId=c3hhj8o22nlf73kc8i40, NodeId=Node19, CommandId=ec98546d-f152-4500-b920-d191750fa3b5 CommandType:4"
time="2021-07-05T17:39:41+03:00" level=info msg="::1 - - [05/Jul/2021:17:39:41 +0300] \"POST /api/gateway/processResponse HTTP/1.1\" 200 0"
time="2021-07-05T17:39:41+03:00" level=info msg="InitiatePayment: Sign chain  (GDA2BBUSVHPFQXRMJNPWBOENFZRYTTO2Y7N3CMZWZ5BNCDAAMSMK6AHB) "
time="2021-07-05T17:39:41+03:00" level=info msg="Process command SessionId=c3hhj8olrabpf17r0qj0, NodeId=Node19, CommandId=2f358039-634d-4291-b431-1d585c193f76 CommandType:2"
time="2021-07-05T17:39:41+03:00" level=info msg="::1 - - [05/Jul/2021:17:39:41 +0300] \"POST /api/gateway/processResponse HTTP/1.1\" 200 0"
time="2021-07-05T17:39:41+03:00" level=info msg="Payment completed SessionId=%s, ServiceRef=%sc3hhj8o22nlf73kc8i40tor"
time="2021-07-05T17:39:44+03:00" level=info msg="::1 - - [05/Jul/2021:17:39:44 +0300] \"POST /api/gateway/processResponse HTTP/1.1\" 200 0"
time="2021-07-05T17:39:44+03:00" level=info msg="InitiatePayment: SignInitial   11 => GDA2BBUSVHPFQXRMJNPWBOENFZRYTTO2Y7N3CMZWZ5BNCDAAMSMK6AHB "
time="2021-07-05T17:39:44+03:00" level=info msg="SignInitialTransactions: Starting GDRBZVJP3QIGQZVWLWYHMFTZRJDLUQKTTWBP3HUNIEEWHPHW5ZL37LJ2 1 => GDA2BBUSVHPFQXRMJNPWBOENFZRYTTO2Y7N3CMZWZ5BNCDAAMSMK6AHB "
time="2021-07-05T17:39:44+03:00" level=info msg="SignInitialTransactions: Finished GDRBZVJP3QIGQZVWLWYHMFTZRJDLUQKTTWBP3HUNIEEWHPHW5ZL37LJ2 1 => GDA2BBUSVHPFQXRMJNPWBOENFZRYTTO2Y7N3CMZWZ5BNCDAAMSMK6AHB "
time="2021-07-05T17:39:44+03:00" level=info msg="Payment Complete Success: %vc3hhj8olrabpf17r0qj0"
time="2021-07-05T17:39:44+03:00" level=info msg="VerifyTransactions: Validated GDA2BBUSVHPFQXRMJNPWBOENFZRYTTO2Y7N3CMZWZ5BNCDAAMSMK6AHB => GARGQG2RJ5UIJRWTFP6E4PYBD2JXAKX2N5DJ3TQACQN2BTUBYFXHIJ4O "
time="2021-07-05T17:39:44+03:00" level=info msg="VerifyTransactions: Validated GDRBZVJP3QIGQZVWLWYHMFTZRJDLUQKTTWBP3HUNIEEWHPHW5ZL37LJ2 => GDA2BBUSVHPFQXRMJNPWBOENFZRYTTO2Y7N3CMZWZ5BNCDAAMSMK6AHB "
time="2021-07-05T17:39:44+03:00" level=info msg="Started FinalizePayment (tor) 1 => GARGQG2RJ5UIJRWTFP6E4PYBD2JXAKX2N5DJ3TQACQN2BTUBYFXHIJ4O"
time="2021-07-05T17:39:44+03:00" level=info msg="Requesting CommitServiceTransaction (c3hhj8olrabpf17r0qj0) => GARGQG2RJ5UIJRWTFP6E4PYBD2JXAKX2N5DJ3TQACQN2BTUBYFXHIJ4O"
time="2021-07-05T17:39:44+03:00" level=info msg="Process command SessionId=c3hhj8olrabpf17r0qj0, NodeId=node9, CommandId=2b517a31-7c2b-49be-b3ab-17b13d2b213f CommandType:4"
time="2021-07-05T17:39:47+03:00" level=info msg="::1 - - [05/Jul/2021:17:39:47 +0300] \"POST /api/gateway/processResponse HTTP/1.1\" 200 0"
time="2021-07-05T17:39:47+03:00" level=info msg="Requesting CommitChainTransaction (c3hhj8olrabpf17r0qj0) => GDA2BBUSVHPFQXRMJNPWBOENFZRYTTO2Y7N3CMZWZ5BNCDAAMSMK6AHB"
time="2021-07-05T17:39:47+03:00" level=info msg="Process command SessionId=c3hhj8olrabpf17r0qj0, NodeId=Node19, CommandId=72a6f76d-a418-4ec9-8736-0976df44c265 CommandType:3"
time="2021-07-05T17:39:50+03:00" level=info msg="::1 - - [05/Jul/2021:17:39:50 +0300] \"POST /api/gateway/processResponse HTTP/1.1\" 200 0"
time="2021-07-05T17:39:50+03:00" level=info msg="Payment completed SessionId=%s, ServiceRef=%sc3hhj8olrabpf17r0qj0tor"
time="2021-07-05T17:40:22.822+03:00" level=info msg="CreatePaymentRequest: Starting 52448639  pptoken/ipfs " pid=7721
time="2021-07-05T17:40:22+03:00" level=info msg="::1 - - [05/Jul/2021:17:40:22 +0300] \"POST /api/utility/createPaymentInfo HTTP/1.1\" 200 162"
time="2021-07-05T17:40:31+03:00" level=error msg="JSON: {\"Amount\":1,\"Asset\":\"pptoken\",\"ServiceRef\":\"tor\",\"ServiceSessionId\":\"c3hhjnglrabpf17r0qjg\",\"Address\":\"GARGQG2RJ5UIJRWTFP6E4PYBD2JXAKX2N5DJ3TQACQN2BTUBYFXHIJ4O\"}"
time="2021-07-05T17:40:31+03:00" level=error msg="Payment processing complete (session c3hhjnglrabpf17r0qjg)"
time="2021-07-05T17:40:31+03:00" level=info msg="::1 - - [05/Jul/2021:17:40:31 +0300] \"POST /api/gateway/processPayment HTTP/1.1\" 201 37"
time="2021-07-05T17:40:31+03:00" level=error msg="JSON: {\"Amount\":1,\"Asset\":\"pptoken\",\"ServiceRef\":\"tor\",\"ServiceSessionId\":\"c3hhjno22nlf73kc8i4g\",\"Address\":\"GDA2BBUSVHPFQXRMJNPWBOENFZRYTTO2Y7N3CMZWZ5BNCDAAMSMK6AHB\"}"
time="2021-07-05T17:40:31+03:00" level=error msg="Payment processing complete (session c3hhjno22nlf73kc8i4g)"
time="2021-07-05T17:40:31+03:00" level=info msg="::1 - - [05/Jul/2021:17:40:31 +0300] \"POST /api/gateway/processPayment HTTP/1.1\" 201 37"
time="2021-07-05T17:40:31+03:00" level=info msg="InitiatePayment: Creating transaction GDA2BBUSVHPFQXRMJNPWBOENFZRYTTO2Y7N3CMZWZ5BNCDAAMSMK6AHB => GARGQG2RJ5UIJRWTFP6E4PYBD2JXAKX2N5DJ3TQACQN2BTUBYFXHIJ4O"
time="2021-07-05T17:40:31+03:00" level=info msg="Process command SessionId=c3hhjnglrabpf17r0qjg, NodeId=node9, CommandId=37f048ab-e2f6-477d-bf8f-fcbcdba3319c CommandType:0"
time="2021-07-05T17:40:31+03:00" level=info msg="InitiatePayment: Creating transaction GDRBZVJP3QIGQZVWLWYHMFTZRJDLUQKTTWBP3HUNIEEWHPHW5ZL37LJ2 => GDA2BBUSVHPFQXRMJNPWBOENFZRYTTO2Y7N3CMZWZ5BNCDAAMSMK6AHB"
time="2021-07-05T17:40:31+03:00" level=info msg="Process command SessionId=c3hhjno22nlf73kc8i4g, NodeId=Node19, CommandId=51aa2684-7042-46b6-abbe-3e1788d05678 CommandType:0"
time="2021-07-05T17:40:34+03:00" level=info msg="::1 - - [05/Jul/2021:17:40:34 +0300] \"POST /api/gateway/processResponse HTTP/1.1\" 200 0"
time="2021-07-05T17:40:34+03:00" level=info msg="InitiatePayment: Transaction created  GDA2BBUSVHPFQXRMJNPWBOENFZRYTTO2Y7N3CMZWZ5BNCDAAMSMK6AHB 2 => GARGQG2RJ5UIJRWTFP6E4PYBD2JXAKX2N5DJ3TQACQN2BTUBYFXHIJ4O"
time="2021-07-05T17:40:34+03:00" level=info msg="InitiatePayment: Creating transaction GDRBZVJP3QIGQZVWLWYHMFTZRJDLUQKTTWBP3HUNIEEWHPHW5ZL37LJ2 => GDA2BBUSVHPFQXRMJNPWBOENFZRYTTO2Y7N3CMZWZ5BNCDAAMSMK6AHB"
time="2021-07-05T17:40:34+03:00" level=info msg="Process command SessionId=c3hhjnglrabpf17r0qjg, NodeId=Node19, CommandId=02218767-20ea-4abc-93dd-f7bd6be2ec29 CommandType:0"
time="2021-07-05T17:40:34+03:00" level=info msg="::1 - - [05/Jul/2021:17:40:34 +0300] \"POST /api/gateway/processResponse HTTP/1.1\" 200 0"
time="2021-07-05T17:40:34+03:00" level=info msg="InitiatePayment: Transaction created  GDRBZVJP3QIGQZVWLWYHMFTZRJDLUQKTTWBP3HUNIEEWHPHW5ZL37LJ2 2 => GDA2BBUSVHPFQXRMJNPWBOENFZRYTTO2Y7N3CMZWZ5BNCDAAMSMK6AHB"
time="2021-07-05T17:40:34+03:00" level=info msg="InitiatePayment: SignServiceTransaction (GDA2BBUSVHPFQXRMJNPWBOENFZRYTTO2Y7N3CMZWZ5BNCDAAMSMK6AHB) "
time="2021-07-05T17:40:34+03:00" level=info msg="Process command SessionId=c3hhjno22nlf73kc8i4g, NodeId=Node19, CommandId=19fec7ee-2b34-4ebd-bca3-1cd6e4e2e3fd CommandType:1"
time="2021-07-05T17:40:37+03:00" level=info msg="::1 - - [05/Jul/2021:17:40:37 +0300] \"POST /api/gateway/processResponse HTTP/1.1\" 200 0"
time="2021-07-05T17:40:37+03:00" level=info msg="InitiatePayment: SignInitial   1 => GDA2BBUSVHPFQXRMJNPWBOENFZRYTTO2Y7N3CMZWZ5BNCDAAMSMK6AHB "
time="2021-07-05T17:40:37+03:00" level=info msg="SignInitialTransactions: Starting GDRBZVJP3QIGQZVWLWYHMFTZRJDLUQKTTWBP3HUNIEEWHPHW5ZL37LJ2 2 => GDA2BBUSVHPFQXRMJNPWBOENFZRYTTO2Y7N3CMZWZ5BNCDAAMSMK6AHB "
time="2021-07-05T17:40:37+03:00" level=info msg="SignInitialTransactions: Finished GDRBZVJP3QIGQZVWLWYHMFTZRJDLUQKTTWBP3HUNIEEWHPHW5ZL37LJ2 2 => GDA2BBUSVHPFQXRMJNPWBOENFZRYTTO2Y7N3CMZWZ5BNCDAAMSMK6AHB "
time="2021-07-05T17:40:37+03:00" level=info msg="Payment Complete Success: %vc3hhjno22nlf73kc8i4g"
time="2021-07-05T17:40:37+03:00" level=info msg="VerifyTransactions: Validated GDRBZVJP3QIGQZVWLWYHMFTZRJDLUQKTTWBP3HUNIEEWHPHW5ZL37LJ2 => GDA2BBUSVHPFQXRMJNPWBOENFZRYTTO2Y7N3CMZWZ5BNCDAAMSMK6AHB "
time="2021-07-05T17:40:37+03:00" level=info msg="Started FinalizePayment (tor) 1 => GDA2BBUSVHPFQXRMJNPWBOENFZRYTTO2Y7N3CMZWZ5BNCDAAMSMK6AHB"
time="2021-07-05T17:40:37+03:00" level=info msg="Requesting CommitServiceTransaction (c3hhjno22nlf73kc8i4g) => GDA2BBUSVHPFQXRMJNPWBOENFZRYTTO2Y7N3CMZWZ5BNCDAAMSMK6AHB"
time="2021-07-05T17:40:37+03:00" level=info msg="Process command SessionId=c3hhjno22nlf73kc8i4g, NodeId=Node19, CommandId=5965a4cf-38ef-4ec5-a68a-18a35dbf35fa CommandType:4"
time="2021-07-05T17:40:37+03:00" level=info msg="::1 - - [05/Jul/2021:17:40:37 +0300] \"POST /api/gateway/processResponse HTTP/1.1\" 200 0"
time="2021-07-05T17:40:37+03:00" level=info msg="InitiatePayment: Transaction created  GDRBZVJP3QIGQZVWLWYHMFTZRJDLUQKTTWBP3HUNIEEWHPHW5ZL37LJ2 2 => GDA2BBUSVHPFQXRMJNPWBOENFZRYTTO2Y7N3CMZWZ5BNCDAAMSMK6AHB"
time="2021-07-05T17:40:37+03:00" level=info msg="InitiatePayment: SignServiceTransaction (GARGQG2RJ5UIJRWTFP6E4PYBD2JXAKX2N5DJ3TQACQN2BTUBYFXHIJ4O) "
time="2021-07-05T17:40:37+03:00" level=info msg="Process command SessionId=c3hhjnglrabpf17r0qjg, NodeId=node9, CommandId=79321331-9bfe-4560-a3f0-66d08f3c7a7c CommandType:1"
time="2021-07-05T17:40:40+03:00" level=info msg="::1 - - [05/Jul/2021:17:40:40 +0300] \"POST /api/gateway/processResponse HTTP/1.1\" 200 0"
time="2021-07-05T17:40:40+03:00" level=info msg="InitiatePayment: Sign chain  (GDA2BBUSVHPFQXRMJNPWBOENFZRYTTO2Y7N3CMZWZ5BNCDAAMSMK6AHB) "
time="2021-07-05T17:40:40+03:00" level=info msg="Process command SessionId=c3hhjnglrabpf17r0qjg, NodeId=Node19, CommandId=80363214-f0e0-48e8-8315-4c1fd5b7dd29 CommandType:2"
time="2021-07-05T17:40:40+03:00" level=info msg="::1 - - [05/Jul/2021:17:40:40 +0300] \"POST /api/gateway/processResponse HTTP/1.1\" 200 0"
time="2021-07-05T17:40:40+03:00" level=info msg="Payment completed SessionId=%s, ServiceRef=%sc3hhjno22nlf73kc8i4gtor"
time="2021-07-05T17:40:43+03:00" level=info msg="::1 - - [05/Jul/2021:17:40:43 +0300] \"POST /api/gateway/processResponse HTTP/1.1\" 200 0"
time="2021-07-05T17:40:43+03:00" level=info msg="InitiatePayment: SignInitial   11 => GDA2BBUSVHPFQXRMJNPWBOENFZRYTTO2Y7N3CMZWZ5BNCDAAMSMK6AHB "
time="2021-07-05T17:40:43+03:00" level=info msg="SignInitialTransactions: Starting GDRBZVJP3QIGQZVWLWYHMFTZRJDLUQKTTWBP3HUNIEEWHPHW5ZL37LJ2 2 => GDA2BBUSVHPFQXRMJNPWBOENFZRYTTO2Y7N3CMZWZ5BNCDAAMSMK6AHB "
time="2021-07-05T17:40:43+03:00" level=info msg="SignInitialTransactions: Finished GDRBZVJP3QIGQZVWLWYHMFTZRJDLUQKTTWBP3HUNIEEWHPHW5ZL37LJ2 2 => GDA2BBUSVHPFQXRMJNPWBOENFZRYTTO2Y7N3CMZWZ5BNCDAAMSMK6AHB "
time="2021-07-05T17:40:43+03:00" level=info msg="Payment Complete Success: %vc3hhjnglrabpf17r0qjg"
time="2021-07-05T17:40:43+03:00" level=info msg="VerifyTransactions: Validated GDA2BBUSVHPFQXRMJNPWBOENFZRYTTO2Y7N3CMZWZ5BNCDAAMSMK6AHB => GARGQG2RJ5UIJRWTFP6E4PYBD2JXAKX2N5DJ3TQACQN2BTUBYFXHIJ4O "
time="2021-07-05T17:40:43+03:00" level=info msg="VerifyTransactions: Validated GDRBZVJP3QIGQZVWLWYHMFTZRJDLUQKTTWBP3HUNIEEWHPHW5ZL37LJ2 => GDA2BBUSVHPFQXRMJNPWBOENFZRYTTO2Y7N3CMZWZ5BNCDAAMSMK6AHB "
time="2021-07-05T17:40:43+03:00" level=info msg="Started FinalizePayment (tor) 1 => GARGQG2RJ5UIJRWTFP6E4PYBD2JXAKX2N5DJ3TQACQN2BTUBYFXHIJ4O"
time="2021-07-05T17:40:43+03:00" level=info msg="Requesting CommitServiceTransaction (c3hhjnglrabpf17r0qjg) => GARGQG2RJ5UIJRWTFP6E4PYBD2JXAKX2N5DJ3TQACQN2BTUBYFXHIJ4O"
time="2021-07-05T17:40:43+03:00" level=info msg="Process command SessionId=c3hhjnglrabpf17r0qjg, NodeId=node9, CommandId=d3113c8e-c337-42ae-a147-69139ad18976 CommandType:4"
time="2021-07-05T17:40:46+03:00" level=info msg="::1 - - [05/Jul/2021:17:40:46 +0300] \"POST /api/gateway/processResponse HTTP/1.1\" 200 0"
time="2021-07-05T17:40:46+03:00" level=info msg="Requesting CommitChainTransaction (c3hhjnglrabpf17r0qjg) => GDA2BBUSVHPFQXRMJNPWBOENFZRYTTO2Y7N3CMZWZ5BNCDAAMSMK6AHB"
time="2021-07-05T17:40:46+03:00" level=info msg="Process command SessionId=c3hhjnglrabpf17r0qjg, NodeId=Node19, CommandId=6f3eb446-a880-4bd7-8c15-6c24c1cc437e CommandType:3"
time="2021-07-05T17:40:49+03:00" level=info msg="::1 - - [05/Jul/2021:17:40:49 +0300] \"POST /api/gateway/processResponse HTTP/1.1\" 200 0"
time="2021-07-05T17:40:49+03:00" level=info msg="Payment completed SessionId=%s, ServiceRef=%sc3hhjnglrabpf17r0qjgtor"
